# Logfile created on 2014-04-12 23:19:52 -0700 by logger.rb/41954
I, [2014-04-12T23:19:52.641969 #7381]  INFO -- : 0:  rake (10.2.2) from /Users/aaron/.rvm/gems/ruby-2.0.0-p353/specifications/rake-10.2.2.gemspec
I, [2014-04-12T23:19:52.642321 #7381]  INFO -- : 0:  i18n (0.6.9) from /Users/aaron/.rvm/gems/ruby-2.0.0-p353/specifications/i18n-0.6.9.gemspec
I, [2014-04-12T23:19:52.642763 #7381]  INFO -- : 0:  json (1.8.1) from /Users/aaron/.rvm/gems/ruby-2.0.0-p353/specifications/json-1.8.1.gemspec
I, [2014-04-12T23:19:52.643135 #7381]  INFO -- : 0:  minitest (5.3.2) from /Users/aaron/.rvm/gems/ruby-2.0.0-p353/specifications/minitest-5.3.2.gemspec
I, [2014-04-12T23:19:52.643393 #7381]  INFO -- : 0:  thread_safe (0.3.3) from /Users/aaron/.rvm/gems/ruby-2.0.0-p353/specifications/thread_safe-0.3.3.gemspec
I, [2014-04-12T23:19:52.643641 #7381]  INFO -- : 0:  tzinfo (1.1.0) from /Users/aaron/.rvm/gems/ruby-2.0.0-p353/specifications/tzinfo-1.1.0.gemspec
I, [2014-04-12T23:19:52.643942 #7381]  INFO -- : 0:  activesupport (4.1.0) from /Users/aaron/.rvm/gems/ruby-2.0.0-p353/specifications/activesupport-4.1.0.gemspec
I, [2014-04-12T23:19:52.644388 #7381]  INFO -- : 0:  builder (3.2.2) from /Users/aaron/.rvm/gems/ruby-2.0.0-p353/specifications/builder-3.2.2.gemspec
I, [2014-04-12T23:19:52.644803 #7381]  INFO -- : 0:  erubis (2.7.0) from /Users/aaron/.rvm/gems/ruby-2.0.0-p353/specifications/erubis-2.7.0.gemspec
I, [2014-04-12T23:19:52.645229 #7381]  INFO -- : 0:  actionview (4.1.0) from /Users/aaron/.rvm/gems/ruby-2.0.0-p353/specifications/actionview-4.1.0.gemspec
I, [2014-04-12T23:19:52.645641 #7381]  INFO -- : 0:  rack (1.5.2) from /Users/aaron/.rvm/gems/ruby-2.0.0-p353/specifications/rack-1.5.2.gemspec
I, [2014-04-12T23:19:52.646048 #7381]  INFO -- : 0:  rack-test (0.6.2) from /Users/aaron/.rvm/gems/ruby-2.0.0-p353/specifications/rack-test-0.6.2.gemspec
I, [2014-04-12T23:19:52.646473 #7381]  INFO -- : 0:  actionpack (4.1.0) from /Users/aaron/.rvm/gems/ruby-2.0.0-p353/specifications/actionpack-4.1.0.gemspec
I, [2014-04-12T23:19:52.646877 #7381]  INFO -- : 0:  mime-types (1.25.1) from /Users/aaron/.rvm/gems/ruby-2.0.0-p353/specifications/mime-types-1.25.1.gemspec
I, [2014-04-12T23:19:52.647293 #7381]  INFO -- : 0:  polyglot (0.3.4) from /Users/aaron/.rvm/gems/ruby-2.0.0-p353/specifications/polyglot-0.3.4.gemspec
I, [2014-04-12T23:19:52.647610 #7381]  INFO -- : 0:  treetop (1.4.15) from /Users/aaron/.rvm/gems/ruby-2.0.0-p353/specifications/treetop-1.4.15.gemspec
I, [2014-04-12T23:19:52.647861 #7381]  INFO -- : 0:  mail (2.5.4) from /Users/aaron/.rvm/gems/ruby-2.0.0-p353/specifications/mail-2.5.4.gemspec
I, [2014-04-12T23:19:52.648126 #7381]  INFO -- : 0:  actionmailer (4.1.0) from /Users/aaron/.rvm/gems/ruby-2.0.0-p353/specifications/actionmailer-4.1.0.gemspec
I, [2014-04-12T23:19:52.648369 #7381]  INFO -- : 0:  activemodel (4.1.0) from /Users/aaron/.rvm/gems/ruby-2.0.0-p353/specifications/activemodel-4.1.0.gemspec
I, [2014-04-12T23:19:52.648615 #7381]  INFO -- : 0:  arel (5.0.0) from /Users/aaron/.rvm/gems/ruby-2.0.0-p353/specifications/arel-5.0.0.gemspec
I, [2014-04-12T23:19:52.648864 #7381]  INFO -- : 0:  activerecord (4.1.0) from /Users/aaron/.rvm/gems/ruby-2.0.0-p353/specifications/activerecord-4.1.0.gemspec
I, [2014-04-12T23:19:52.649093 #7381]  INFO -- : 0:  bundler (1.5.1) from /Users/aaron/.rvm/gems/ruby-2.0.0-p353@global/specifications/bundler-1.5.1.gemspec
I, [2014-04-12T23:19:52.649345 #7381]  INFO -- : 0:  coffee-script-source (1.7.0) from /Users/aaron/.rvm/gems/ruby-2.0.0-p353/specifications/coffee-script-source-1.7.0.gemspec
I, [2014-04-12T23:19:52.649585 #7381]  INFO -- : 0:  execjs (2.0.2) from /Users/aaron/.rvm/gems/ruby-2.0.0-p353/specifications/execjs-2.0.2.gemspec
I, [2014-04-12T23:19:52.649818 #7381]  INFO -- : 0:  coffee-script (2.2.0) from /Users/aaron/.rvm/gems/ruby-2.0.0-p353/specifications/coffee-script-2.2.0.gemspec
I, [2014-04-12T23:19:52.650059 #7381]  INFO -- : 0:  thor (0.19.1) from /Users/aaron/.rvm/gems/ruby-2.0.0-p353/specifications/thor-0.19.1.gemspec
I, [2014-04-12T23:19:52.650286 #7381]  INFO -- : 0:  railties (4.1.0) from /Users/aaron/.rvm/gems/ruby-2.0.0-p353/specifications/railties-4.1.0.gemspec
I, [2014-04-12T23:19:52.650534 #7381]  INFO -- : 0:  coffee-rails (4.0.1) from /Users/aaron/.rvm/gems/ruby-2.0.0-p353/specifications/coffee-rails-4.0.1.gemspec
I, [2014-04-12T23:19:52.650774 #7381]  INFO -- : 0:  hike (1.2.3) from /Users/aaron/.rvm/gems/ruby-2.0.0-p353/specifications/hike-1.2.3.gemspec
I, [2014-04-12T23:19:54.049443 #7381]  INFO -- : 0:  jbuilder (1.0.2) from /Users/aaron/.rvm/gems/ruby-2.0.0-p353/specifications/jbuilder-1.0.2.gemspec
I, [2014-04-12T23:19:54.049812 #7381]  INFO -- : 0:  jquery-rails (3.0.4) from /Users/aaron/.rvm/gems/ruby-2.0.0-p353/specifications/jquery-rails-3.0.4.gemspec
I, [2014-04-12T23:19:54.050060 #7381]  INFO -- : 0:  multi_json (1.9.2) from /Users/aaron/.rvm/gems/ruby-2.0.0-p353/specifications/multi_json-1.9.2.gemspec
E, [2014-04-12T23:19:55.443289 #7381] ERROR -- : Gem::Installer::ExtensionBuildError: ERROR: Failed to build gem native extension.

    /Users/aaron/.rvm/rubies/ruby-2.0.0-p353/bin/ruby extconf.rb --with-pg-config=/Library/PostgreSQL/9.2/bin/pg_config
Using config values from /Library/PostgreSQL/9.2/bin/pg_config
sh: /Library/PostgreSQL/9.2/bin/pg_config: No such file or directory
sh: /Library/PostgreSQL/9.2/bin/pg_config: No such file or directory
checking for libpq-fe.h... no
Can't find the 'libpq-fe.h header
*** extconf.rb failed ***
Could not create Makefile due to some reason, probably lack of necessary
libraries and/or headers.  Check the mkmf.log file for more details.  You may
need configuration options.

Provided configuration options:
	--with-opt-dir
	--without-opt-dir
	--with-opt-include
	--without-opt-include=${opt-dir}/include
	--with-opt-lib
	--without-opt-lib=${opt-dir}/lib
	--with-make-prog
	--without-make-prog
	--srcdir=.
	--curdir
	--ruby=/Users/aaron/.rvm/rubies/ruby-2.0.0-p353/bin/ruby
	--with-pg
	--without-pg
	--with-pg-dir
	--without-pg-dir
	--with-pg-include
	--without-pg-include=${pg-dir}/include
	--with-pg-lib
	--without-pg-lib=${pg-dir}/
	--with-pg-config


Gem files will remain installed in /Users/aaron/.rvm/gems/ruby-2.0.0-p353/gems/pg-0.15.1 for inspection.
Results logged to /Users/aaron/.rvm/gems/ruby-2.0.0-p353/gems/pg-0.15.1/ext/gem_make.out

/Users/aaron/.rvm/rubies/ruby-2.0.0-p353/lib/ruby/site_ruby/2.0.0/rubygems/ext/builder.rb:77:in `run'  \n/Users/aaron/.rvm/rubies/ruby-2.0.0-p353/lib/ruby/site_ruby/2.0.0/rubygems/ext/ext_conf_builder.rb:39:in `block in build'  \n/Users/aaron/.rvm/rubies/ruby-2.0.0-p353/lib/ruby/2.0.0/tempfile.rb:324:in `open'  \n/Users/aaron/.rvm/rubies/ruby-2.0.0-p353/lib/ruby/site_ruby/2.0.0/rubygems/ext/ext_conf_builder.rb:19:in `build'  \n/Users/aaron/.rvm/rubies/ruby-2.0.0-p353/lib/ruby/site_ruby/2.0.0/rubygems/ext/builder.rb:148:in `block (2 levels) in build_extension'  \n/Users/aaron/.rvm/rubies/ruby-2.0.0-p353/lib/ruby/site_ruby/2.0.0/rubygems/ext/builder.rb:147:in `chdir'  \n/Users/aaron/.rvm/rubies/ruby-2.0.0-p353/lib/ruby/site_ruby/2.0.0/rubygems/ext/builder.rb:147:in `block in build_extension'  \n/Users/aaron/.rvm/rubies/ruby-2.0.0-p353/lib/ruby/site_ruby/2.0.0/rubygems/ext/builder.rb:146:in `synchronize'  \n/Users/aaron/.rvm/rubies/ruby-2.0.0-p353/lib/ruby/site_ruby/2.0.0/rubygems/ext/builder.rb:146:in `build_extension'  \n/Users/aaron/.rvm/rubies/ruby-2.0.0-p353/lib/ruby/site_ruby/2.0.0/rubygems/ext/builder.rb:180:in `block in build_extensions'  \n/Users/aaron/.rvm/rubies/ruby-2.0.0-p353/lib/ruby/site_ruby/2.0.0/rubygems/ext/builder.rb:177:in `each'  \n/Users/aaron/.rvm/rubies/ruby-2.0.0-p353/lib/ruby/site_ruby/2.0.0/rubygems/ext/builder.rb:177:in `build_extensions'  \n/Users/aaron/.rvm/rubies/ruby-2.0.0-p353/lib/ruby/site_ruby/2.0.0/rubygems/installer.rb:666:in `build_extensions'  \n/Users/aaron/.rvm/rubies/ruby-2.0.0-p353/lib/ruby/site_ruby/2.0.0/rubygems/installer.rb:224:in `install'  \n/Users/aaron/.rvm/gems/ruby-2.0.0-p353@global/gems/bundler-1.5.1/lib/bundler/source/rubygems.rb:101:in `block in install'  \n/Users/aaron/.rvm/gems/ruby-2.0.0-p353@global/gems/bundler-1.5.1/lib/bundler/rubygems_integration.rb:118:in `preserve_paths'  \n/Users/aaron/.rvm/gems/ruby-2.0.0-p353@global/gems/bundler-1.5.1/lib/bundler/source/rubygems.rb:94:in `install'  \n/Users/aaron/.rvm/gems/ruby-2.0.0-p353@global/gems/bundler-1.5.1/lib/bundler/installer.rb:111:in `block in install_gem_from_spec'  \n/Users/aaron/.rvm/gems/ruby-2.0.0-p353@global/gems/bundler-1.5.1/lib/bundler/rubygems_integration.rb:150:in `with_build_args'  \n/Users/aaron/.rvm/gems/ruby-2.0.0-p353@global/gems/bundler-1.5.1/lib/bundler/installer.rb:110:in `install_gem_from_spec'  \n/Users/aaron/.rvm/gems/ruby-2.0.0-p353@global/gems/bundler-1.5.1/lib/bundler/installer.rb:295:in `block in install_sequentially'  \n/Users/aaron/.rvm/rubies/ruby-2.0.0-p353/lib/ruby/2.0.0/forwardable.rb:171:in `each'  \n/Users/aaron/.rvm/rubies/ruby-2.0.0-p353/lib/ruby/2.0.0/forwardable.rb:171:in `each'  \n/Users/aaron/.rvm/gems/ruby-2.0.0-p353@global/gems/bundler-1.5.1/lib/bundler/installer.rb:294:in `install_sequentially'  \n/Users/aaron/.rvm/gems/ruby-2.0.0-p353@global/gems/bundler-1.5.1/lib/bundler/installer.rb:97:in `run'  \n/Users/aaron/.rvm/gems/ruby-2.0.0-p353@global/gems/bundler-1.5.1/lib/bundler/installer.rb:15:in `install'  \n/Users/aaron/.rvm/gems/ruby-2.0.0-p353@global/gems/bundler-1.5.1/lib/bundler/cli.rb:257:in `install'  \n/Users/aaron/.rvm/gems/ruby-2.0.0-p353@global/gems/bundler-1.5.1/lib/bundler/vendor/thor/command.rb:27:in `run'  \n/Users/aaron/.rvm/gems/ruby-2.0.0-p353@global/gems/bundler-1.5.1/lib/bundler/vendor/thor/invocation.rb:120:in `invoke_command'  \n/Users/aaron/.rvm/gems/ruby-2.0.0-p353@global/gems/bundler-1.5.1/lib/bundler/vendor/thor.rb:363:in `dispatch'  \n/Users/aaron/.rvm/gems/ruby-2.0.0-p353@global/gems/bundler-1.5.1/lib/bundler/vendor/thor/base.rb:438:in `start'  \n/Users/aaron/.rvm/gems/ruby-2.0.0-p353@global/gems/bundler-1.5.1/lib/bundler/cli.rb:10:in `start'  \n/Users/aaron/.rvm/gems/ruby-2.0.0-p353@global/gems/bundler-1.5.1/bin/bundle:22:in `block in <top (required)>'  \n/Users/aaron/.rvm/gems/ruby-2.0.0-p353@global/gems/bundler-1.5.1/lib/bundler/friendly_errors.rb:5:in `with_friendly_errors'  \n/Users/aaron/.rvm/gems/ruby-2.0.0-p353@global/gems/bundler-1.5.1/bin/bundle:22:in `<top (required)>'  \n/Users/aaron/.rvm/gems/ruby-2.0.0-p353@global/bin/bundle:23:in `load'  \n/Users/aaron/.rvm/gems/ruby-2.0.0-p353@global/bin/bundle:23:in `<main>'  \n/Users/aaron/.rvm/gems/ruby-2.0.0-p353/bin/ruby_executable_hooks:15:in `eval'  \n/Users/aaron/.rvm/gems/ruby-2.0.0-p353/bin/ruby_executable_hooks:15:in `<main>'
I, [2014-04-12T23:21:57.667345 #7405]  INFO -- : 0:  rake (10.2.2) from /Users/aaron/.rvm/gems/ruby-2.0.0-p353/specifications/rake-10.2.2.gemspec
I, [2014-04-12T23:21:57.667748 #7405]  INFO -- : 0:  i18n (0.6.9) from /Users/aaron/.rvm/gems/ruby-2.0.0-p353/specifications/i18n-0.6.9.gemspec
I, [2014-04-12T23:21:57.668026 #7405]  INFO -- : 0:  json (1.8.1) from /Users/aaron/.rvm/gems/ruby-2.0.0-p353/specifications/json-1.8.1.gemspec
I, [2014-04-12T23:21:57.668314 #7405]  INFO -- : 0:  minitest (5.3.2) from /Users/aaron/.rvm/gems/ruby-2.0.0-p353/specifications/minitest-5.3.2.gemspec
I, [2014-04-12T23:21:57.668561 #7405]  INFO -- : 0:  thread_safe (0.3.3) from /Users/aaron/.rvm/gems/ruby-2.0.0-p353/specifications/thread_safe-0.3.3.gemspec
I, [2014-04-12T23:21:57.668811 #7405]  INFO -- : 0:  tzinfo (1.1.0) from /Users/aaron/.rvm/gems/ruby-2.0.0-p353/specifications/tzinfo-1.1.0.gemspec
I, [2014-04-12T23:21:57.669062 #7405]  INFO -- : 0:  activesupport (4.1.0) from /Users/aaron/.rvm/gems/ruby-2.0.0-p353/specifications/activesupport-4.1.0.gemspec
I, [2014-04-12T23:21:57.669308 #7405]  INFO -- : 0:  builder (3.2.2) from /Users/aaron/.rvm/gems/ruby-2.0.0-p353/specifications/builder-3.2.2.gemspec
I, [2014-04-12T23:21:57.669574 #7405]  INFO -- : 0:  erubis (2.7.0) from /Users/aaron/.rvm/gems/ruby-2.0.0-p353/specifications/erubis-2.7.0.gemspec
I, [2014-04-12T23:21:57.669800 #7405]  INFO -- : 0:  actionview (4.1.0) from /Users/aaron/.rvm/gems/ruby-2.0.0-p353/specifications/actionview-4.1.0.gemspec
I, [2014-04-12T23:21:57.670033 #7405]  INFO -- : 0:  rack (1.5.2) from /Users/aaron/.rvm/gems/ruby-2.0.0-p353/specifications/rack-1.5.2.gemspec
I, [2014-04-12T23:21:57.670286 #7405]  INFO -- : 0:  rack-test (0.6.2) from /Users/aaron/.rvm/gems/ruby-2.0.0-p353/specifications/rack-test-0.6.2.gemspec
I, [2014-04-12T23:21:57.670518 #7405]  INFO -- : 0:  actionpack (4.1.0) from /Users/aaron/.rvm/gems/ruby-2.0.0-p353/specifications/actionpack-4.1.0.gemspec
I, [2014-04-12T23:21:57.670800 #7405]  INFO -- : 0:  mime-types (1.25.1) from /Users/aaron/.rvm/gems/ruby-2.0.0-p353/specifications/mime-types-1.25.1.gemspec
I, [2014-04-12T23:21:57.671327 #7405]  INFO -- : 0:  polyglot (0.3.4) from /Users/aaron/.rvm/gems/ruby-2.0.0-p353/specifications/polyglot-0.3.4.gemspec
I, [2014-04-12T23:21:57.671764 #7405]  INFO -- : 0:  treetop (1.4.15) from /Users/aaron/.rvm/gems/ruby-2.0.0-p353/specifications/treetop-1.4.15.gemspec
I, [2014-04-12T23:21:57.672194 #7405]  INFO -- : 0:  mail (2.5.4) from /Users/aaron/.rvm/gems/ruby-2.0.0-p353/specifications/mail-2.5.4.gemspec
I, [2014-04-12T23:21:57.672728 #7405]  INFO -- : 0:  actionmailer (4.1.0) from /Users/aaron/.rvm/gems/ruby-2.0.0-p353/specifications/actionmailer-4.1.0.gemspec
I, [2014-04-12T23:21:57.673184 #7405]  INFO -- : 0:  activemodel (4.1.0) from /Users/aaron/.rvm/gems/ruby-2.0.0-p353/specifications/activemodel-4.1.0.gemspec
I, [2014-04-12T23:21:57.673601 #7405]  INFO -- : 0:  arel (5.0.0) from /Users/aaron/.rvm/gems/ruby-2.0.0-p353/specifications/arel-5.0.0.gemspec
I, [2014-04-12T23:21:57.674280 #7405]  INFO -- : 0:  activerecord (4.1.0) from /Users/aaron/.rvm/gems/ruby-2.0.0-p353/specifications/activerecord-4.1.0.gemspec
I, [2014-04-12T23:21:57.674640 #7405]  INFO -- : 0:  bundler (1.5.1) from /Users/aaron/.rvm/gems/ruby-2.0.0-p353@global/specifications/bundler-1.5.1.gemspec
I, [2014-04-12T23:21:57.674908 #7405]  INFO -- : 0:  coffee-script-source (1.7.0) from /Users/aaron/.rvm/gems/ruby-2.0.0-p353/specifications/coffee-script-source-1.7.0.gemspec
I, [2014-04-12T23:21:57.675239 #7405]  INFO -- : 0:  execjs (2.0.2) from /Users/aaron/.rvm/gems/ruby-2.0.0-p353/specifications/execjs-2.0.2.gemspec
I, [2014-04-12T23:21:57.675515 #7405]  INFO -- : 0:  coffee-script (2.2.0) from /Users/aaron/.rvm/gems/ruby-2.0.0-p353/specifications/coffee-script-2.2.0.gemspec
I, [2014-04-12T23:21:57.675777 #7405]  INFO -- : 0:  thor (0.19.1) from /Users/aaron/.rvm/gems/ruby-2.0.0-p353/specifications/thor-0.19.1.gemspec
I, [2014-04-12T23:21:57.676092 #7405]  INFO -- : 0:  railties (4.1.0) from /Users/aaron/.rvm/gems/ruby-2.0.0-p353/specifications/railties-4.1.0.gemspec
I, [2014-04-12T23:21:57.676394 #7405]  INFO -- : 0:  coffee-rails (4.0.1) from /Users/aaron/.rvm/gems/ruby-2.0.0-p353/specifications/coffee-rails-4.0.1.gemspec
I, [2014-04-12T23:21:57.676649 #7405]  INFO -- : 0:  hike (1.2.3) from /Users/aaron/.rvm/gems/ruby-2.0.0-p353/specifications/hike-1.2.3.gemspec
I, [2014-04-12T23:21:57.676931 #7405]  INFO -- : 0:  jbuilder (1.0.2) from /Users/aaron/.rvm/gems/ruby-2.0.0-p353/specifications/jbuilder-1.0.2.gemspec
I, [2014-04-12T23:21:57.677210 #7405]  INFO -- : 0:  jquery-rails (3.0.4) from /Users/aaron/.rvm/gems/ruby-2.0.0-p353/specifications/jquery-rails-3.0.4.gemspec
I, [2014-04-12T23:21:57.677535 #7405]  INFO -- : 0:  multi_json (1.9.2) from /Users/aaron/.rvm/gems/ruby-2.0.0-p353/specifications/multi_json-1.9.2.gemspec
E, [2014-04-12T23:21:57.966893 #7405] ERROR -- : Gem::Installer::ExtensionBuildError: ERROR: Failed to build gem native extension.

    /Users/aaron/.rvm/rubies/ruby-2.0.0-p353/bin/ruby extconf.rb --with-pg-config=/Library/PostgreSQL/9.2/bin/pg_config
Using config values from /Library/PostgreSQL/9.2/bin/pg_config
sh: /Library/PostgreSQL/9.2/bin/pg_config: No such file or directory
sh: /Library/PostgreSQL/9.2/bin/pg_config: No such file or directory
checking for libpq-fe.h... no
Can't find the 'libpq-fe.h header
*** extconf.rb failed ***
Could not create Makefile due to some reason, probably lack of necessary
libraries and/or headers.  Check the mkmf.log file for more details.  You may
need configuration options.

Provided configuration options:
	--with-opt-dir
	--without-opt-dir
	--with-opt-include
	--without-opt-include=${opt-dir}/include
	--with-opt-lib
	--without-opt-lib=${opt-dir}/lib
	--with-make-prog
	--without-make-prog
	--srcdir=.
	--curdir
	--ruby=/Users/aaron/.rvm/rubies/ruby-2.0.0-p353/bin/ruby
	--with-pg
	--without-pg
	--with-pg-config
	--with-pg-dir
	--without-pg-dir
	--with-pg-include
	--without-pg-include=${pg-dir}/include
	--with-pg-lib
	--without-pg-lib=${pg-dir}/


Gem files will remain installed in /Users/aaron/.rvm/gems/ruby-2.0.0-p353/gems/pg-0.17.1 for inspection.
Results logged to /Users/aaron/.rvm/gems/ruby-2.0.0-p353/gems/pg-0.17.1/ext/gem_make.out

/Users/aaron/.rvm/rubies/ruby-2.0.0-p353/lib/ruby/site_ruby/2.0.0/rubygems/ext/builder.rb:77:in `run'  \n/Users/aaron/.rvm/rubies/ruby-2.0.0-p353/lib/ruby/site_ruby/2.0.0/rubygems/ext/ext_conf_builder.rb:39:in `block in build'  \n/Users/aaron/.rvm/rubies/ruby-2.0.0-p353/lib/ruby/2.0.0/tempfile.rb:324:in `open'  \n/Users/aaron/.rvm/rubies/ruby-2.0.0-p353/lib/ruby/site_ruby/2.0.0/rubygems/ext/ext_conf_builder.rb:19:in `build'  \n/Users/aaron/.rvm/rubies/ruby-2.0.0-p353/lib/ruby/site_ruby/2.0.0/rubygems/ext/builder.rb:148:in `block (2 levels) in build_extension'  \n/Users/aaron/.rvm/rubies/ruby-2.0.0-p353/lib/ruby/site_ruby/2.0.0/rubygems/ext/builder.rb:147:in `chdir'  \n/Users/aaron/.rvm/rubies/ruby-2.0.0-p353/lib/ruby/site_ruby/2.0.0/rubygems/ext/builder.rb:147:in `block in build_extension'  \n/Users/aaron/.rvm/rubies/ruby-2.0.0-p353/lib/ruby/site_ruby/2.0.0/rubygems/ext/builder.rb:146:in `synchronize'  \n/Users/aaron/.rvm/rubies/ruby-2.0.0-p353/lib/ruby/site_ruby/2.0.0/rubygems/ext/builder.rb:146:in `build_extension'  \n/Users/aaron/.rvm/rubies/ruby-2.0.0-p353/lib/ruby/site_ruby/2.0.0/rubygems/ext/builder.rb:180:in `block in build_extensions'  \n/Users/aaron/.rvm/rubies/ruby-2.0.0-p353/lib/ruby/site_ruby/2.0.0/rubygems/ext/builder.rb:177:in `each'  \n/Users/aaron/.rvm/rubies/ruby-2.0.0-p353/lib/ruby/site_ruby/2.0.0/rubygems/ext/builder.rb:177:in `build_extensions'  \n/Users/aaron/.rvm/rubies/ruby-2.0.0-p353/lib/ruby/site_ruby/2.0.0/rubygems/installer.rb:666:in `build_extensions'  \n/Users/aaron/.rvm/rubies/ruby-2.0.0-p353/lib/ruby/site_ruby/2.0.0/rubygems/installer.rb:224:in `install'  \n/Users/aaron/.rvm/gems/ruby-2.0.0-p353@global/gems/bundler-1.5.1/lib/bundler/source/rubygems.rb:101:in `block in install'  \n/Users/aaron/.rvm/gems/ruby-2.0.0-p353@global/gems/bundler-1.5.1/lib/bundler/rubygems_integration.rb:118:in `preserve_paths'  \n/Users/aaron/.rvm/gems/ruby-2.0.0-p353@global/gems/bundler-1.5.1/lib/bundler/source/rubygems.rb:94:in `install'  \n/Users/aaron/.rvm/gems/ruby-2.0.0-p353@global/gems/bundler-1.5.1/lib/bundler/installer.rb:111:in `block in install_gem_from_spec'  \n/Users/aaron/.rvm/gems/ruby-2.0.0-p353@global/gems/bundler-1.5.1/lib/bundler/rubygems_integration.rb:150:in `with_build_args'  \n/Users/aaron/.rvm/gems/ruby-2.0.0-p353@global/gems/bundler-1.5.1/lib/bundler/installer.rb:110:in `install_gem_from_spec'  \n/Users/aaron/.rvm/gems/ruby-2.0.0-p353@global/gems/bundler-1.5.1/lib/bundler/installer.rb:295:in `block in install_sequentially'  \n/Users/aaron/.rvm/rubies/ruby-2.0.0-p353/lib/ruby/2.0.0/forwardable.rb:171:in `each'  \n/Users/aaron/.rvm/rubies/ruby-2.0.0-p353/lib/ruby/2.0.0/forwardable.rb:171:in `each'  \n/Users/aaron/.rvm/gems/ruby-2.0.0-p353@global/gems/bundler-1.5.1/lib/bundler/installer.rb:294:in `install_sequentially'  \n/Users/aaron/.rvm/gems/ruby-2.0.0-p353@global/gems/bundler-1.5.1/lib/bundler/installer.rb:97:in `run'  \n/Users/aaron/.rvm/gems/ruby-2.0.0-p353@global/gems/bundler-1.5.1/lib/bundler/installer.rb:15:in `install'  \n/Users/aaron/.rvm/gems/ruby-2.0.0-p353@global/gems/bundler-1.5.1/lib/bundler/cli.rb:257:in `install'  \n/Users/aaron/.rvm/gems/ruby-2.0.0-p353@global/gems/bundler-1.5.1/lib/bundler/vendor/thor/command.rb:27:in `run'  \n/Users/aaron/.rvm/gems/ruby-2.0.0-p353@global/gems/bundler-1.5.1/lib/bundler/vendor/thor/invocation.rb:120:in `invoke_command'  \n/Users/aaron/.rvm/gems/ruby-2.0.0-p353@global/gems/bundler-1.5.1/lib/bundler/vendor/thor.rb:363:in `dispatch'  \n/Users/aaron/.rvm/gems/ruby-2.0.0-p353@global/gems/bundler-1.5.1/lib/bundler/vendor/thor/base.rb:438:in `start'  \n/Users/aaron/.rvm/gems/ruby-2.0.0-p353@global/gems/bundler-1.5.1/lib/bundler/cli.rb:10:in `start'  \n/Users/aaron/.rvm/gems/ruby-2.0.0-p353@global/gems/bundler-1.5.1/bin/bundle:22:in `block in <top (required)>'  \n/Users/aaron/.rvm/gems/ruby-2.0.0-p353@global/gems/bundler-1.5.1/lib/bundler/friendly_errors.rb:5:in `with_friendly_errors'  \n/Users/aaron/.rvm/gems/ruby-2.0.0-p353@global/gems/bundler-1.5.1/bin/bundle:22:in `<top (required)>'  \n/Users/aaron/.rvm/gems/ruby-2.0.0-p353@global/bin/bundle:23:in `load'  \n/Users/aaron/.rvm/gems/ruby-2.0.0-p353@global/bin/bundle:23:in `<main>'  \n/Users/aaron/.rvm/gems/ruby-2.0.0-p353/bin/ruby_executable_hooks:15:in `eval'  \n/Users/aaron/.rvm/gems/ruby-2.0.0-p353/bin/ruby_executable_hooks:15:in `<main>'
I, [2014-04-12T23:29:35.838148 #8163]  INFO -- : 0:  rake (10.2.2) from /Users/aaron/.rvm/gems/ruby-2.0.0-p353/specifications/rake-10.2.2.gemspec
I, [2014-04-12T23:29:35.838569 #8163]  INFO -- : 0:  i18n (0.6.9) from /Users/aaron/.rvm/gems/ruby-2.0.0-p353/specifications/i18n-0.6.9.gemspec
I, [2014-04-12T23:29:35.838846 #8163]  INFO -- : 0:  json (1.8.1) from /Users/aaron/.rvm/gems/ruby-2.0.0-p353/specifications/json-1.8.1.gemspec
I, [2014-04-12T23:29:35.839123 #8163]  INFO -- : 0:  minitest (5.3.2) from /Users/aaron/.rvm/gems/ruby-2.0.0-p353/specifications/minitest-5.3.2.gemspec
I, [2014-04-12T23:29:35.839365 #8163]  INFO -- : 0:  thread_safe (0.3.3) from /Users/aaron/.rvm/gems/ruby-2.0.0-p353/specifications/thread_safe-0.3.3.gemspec
I, [2014-04-12T23:29:35.839610 #8163]  INFO -- : 0:  tzinfo (1.1.0) from /Users/aaron/.rvm/gems/ruby-2.0.0-p353/specifications/tzinfo-1.1.0.gemspec
I, [2014-04-12T23:29:35.839850 #8163]  INFO -- : 0:  activesupport (4.1.0) from /Users/aaron/.rvm/gems/ruby-2.0.0-p353/specifications/activesupport-4.1.0.gemspec
I, [2014-04-12T23:29:35.840085 #8163]  INFO -- : 0:  builder (3.2.2) from /Users/aaron/.rvm/gems/ruby-2.0.0-p353/specifications/builder-3.2.2.gemspec
I, [2014-04-12T23:29:35.840325 #8163]  INFO -- : 0:  erubis (2.7.0) from /Users/aaron/.rvm/gems/ruby-2.0.0-p353/specifications/erubis-2.7.0.gemspec
I, [2014-04-12T23:29:35.840562 #8163]  INFO -- : 0:  actionview (4.1.0) from /Users/aaron/.rvm/gems/ruby-2.0.0-p353/specifications/actionview-4.1.0.gemspec
I, [2014-04-12T23:29:35.840798 #8163]  INFO -- : 0:  rack (1.5.2) from /Users/aaron/.rvm/gems/ruby-2.0.0-p353/specifications/rack-1.5.2.gemspec
I, [2014-04-12T23:29:35.841034 #8163]  INFO -- : 0:  rack-test (0.6.2) from /Users/aaron/.rvm/gems/ruby-2.0.0-p353/specifications/rack-test-0.6.2.gemspec
I, [2014-04-12T23:29:35.841283 #8163]  INFO -- : 0:  actionpack (4.1.0) from /Users/aaron/.rvm/gems/ruby-2.0.0-p353/specifications/actionpack-4.1.0.gemspec
I, [2014-04-12T23:29:35.841521 #8163]  INFO -- : 0:  mime-types (1.25.1) from /Users/aaron/.rvm/gems/ruby-2.0.0-p353/specifications/mime-types-1.25.1.gemspec
I, [2014-04-12T23:29:35.841752 #8163]  INFO -- : 0:  polyglot (0.3.4) from /Users/aaron/.rvm/gems/ruby-2.0.0-p353/specifications/polyglot-0.3.4.gemspec
I, [2014-04-12T23:29:35.841997 #8163]  INFO -- : 0:  treetop (1.4.15) from /Users/aaron/.rvm/gems/ruby-2.0.0-p353/specifications/treetop-1.4.15.gemspec
I, [2014-04-12T23:29:35.842232 #8163]  INFO -- : 0:  mail (2.5.4) from /Users/aaron/.rvm/gems/ruby-2.0.0-p353/specifications/mail-2.5.4.gemspec
I, [2014-04-12T23:29:35.842472 #8163]  INFO -- : 0:  actionmailer (4.1.0) from /Users/aaron/.rvm/gems/ruby-2.0.0-p353/specifications/actionmailer-4.1.0.gemspec
I, [2014-04-12T23:29:35.842706 #8163]  INFO -- : 0:  activemodel (4.1.0) from /Users/aaron/.rvm/gems/ruby-2.0.0-p353/specifications/activemodel-4.1.0.gemspec
I, [2014-04-12T23:29:35.842943 #8163]  INFO -- : 0:  arel (5.0.0) from /Users/aaron/.rvm/gems/ruby-2.0.0-p353/specifications/arel-5.0.0.gemspec
I, [2014-04-12T23:29:35.843170 #8163]  INFO -- : 0:  activerecord (4.1.0) from /Users/aaron/.rvm/gems/ruby-2.0.0-p353/specifications/activerecord-4.1.0.gemspec
I, [2014-04-12T23:29:35.843390 #8163]  INFO -- : 0:  bundler (1.5.1) from /Users/aaron/.rvm/gems/ruby-2.0.0-p353@global/specifications/bundler-1.5.1.gemspec
I, [2014-04-12T23:29:35.843635 #8163]  INFO -- : 0:  coffee-script-source (1.7.0) from /Users/aaron/.rvm/gems/ruby-2.0.0-p353/specifications/coffee-script-source-1.7.0.gemspec
I, [2014-04-12T23:29:35.843876 #8163]  INFO -- : 0:  execjs (2.0.2) from /Users/aaron/.rvm/gems/ruby-2.0.0-p353/specifications/execjs-2.0.2.gemspec
I, [2014-04-12T23:29:35.844107 #8163]  INFO -- : 0:  coffee-script (2.2.0) from /Users/aaron/.rvm/gems/ruby-2.0.0-p353/specifications/coffee-script-2.2.0.gemspec
I, [2014-04-12T23:29:35.844347 #8163]  INFO -- : 0:  thor (0.19.1) from /Users/aaron/.rvm/gems/ruby-2.0.0-p353/specifications/thor-0.19.1.gemspec
I, [2014-04-12T23:29:35.844613 #8163]  INFO -- : 0:  railties (4.1.0) from /Users/aaron/.rvm/gems/ruby-2.0.0-p353/specifications/railties-4.1.0.gemspec
I, [2014-04-12T23:29:35.844877 #8163]  INFO -- : 0:  coffee-rails (4.0.1) from /Users/aaron/.rvm/gems/ruby-2.0.0-p353/specifications/coffee-rails-4.0.1.gemspec
I, [2014-04-12T23:29:35.845137 #8163]  INFO -- : 0:  hike (1.2.3) from /Users/aaron/.rvm/gems/ruby-2.0.0-p353/specifications/hike-1.2.3.gemspec
I, [2014-04-12T23:29:35.845395 #8163]  INFO -- : 0:  jbuilder (1.0.2) from /Users/aaron/.rvm/gems/ruby-2.0.0-p353/specifications/jbuilder-1.0.2.gemspec
I, [2014-04-12T23:29:35.845657 #8163]  INFO -- : 0:  jquery-rails (3.0.4) from /Users/aaron/.rvm/gems/ruby-2.0.0-p353/specifications/jquery-rails-3.0.4.gemspec
I, [2014-04-12T23:29:35.845928 #8163]  INFO -- : 0:  multi_json (1.9.2) from /Users/aaron/.rvm/gems/ruby-2.0.0-p353/specifications/multi_json-1.9.2.gemspec
I, [2014-04-12T23:29:35.846202 #8163]  INFO -- : 0:  pg (0.17.1) from /Users/aaron/.rvm/gems/ruby-2.0.0-p353/specifications/pg-0.17.1.gemspec
I, [2014-04-12T23:29:35.846482 #8163]  INFO -- : 0:  tilt (1.4.1) from /Users/aaron/.rvm/gems/ruby-2.0.0-p353/specifications/tilt-1.4.1.gemspec
I, [2014-04-12T23:29:35.846741 #8163]  INFO -- : 0:  sprockets (2.12.0) from /Users/aaron/.rvm/gems/ruby-2.0.0-p353/specifications/sprockets-2.12.0.gemspec
I, [2014-04-12T23:29:36.096649 #8163]  INFO -- : 0:  sprockets-rails (2.0.1) from /Users/aaron/.rvm/gems/ruby-2.0.0-p353/specifications/sprockets-rails-2.0.1.gemspec
I, [2014-04-12T23:29:36.097083 #8163]  INFO -- : 0:  rails (4.1.0) from /Users/aaron/.rvm/gems/ruby-2.0.0-p353/specifications/rails-4.1.0.gemspec
I, [2014-04-12T23:29:36.318386 #8163]  INFO -- : 0:  rails_serve_static_assets (0.0.2) from /Users/aaron/.rvm/gems/ruby-2.0.0-p353/specifications/rails_serve_static_assets-0.0.2.gemspec
I, [2014-04-12T23:29:36.649152 #8163]  INFO -- : 0:  rails_stdout_logging (0.0.3) from /Users/aaron/.rvm/gems/ruby-2.0.0-p353/specifications/rails_stdout_logging-0.0.3.gemspec
I, [2014-04-12T23:29:36.866825 #8163]  INFO -- : 0:  rails_12factor (0.0.2) from /Users/aaron/.rvm/gems/ruby-2.0.0-p353/specifications/rails_12factor-0.0.2.gemspec
I, [2014-04-12T23:29:37.755638 #8163]  INFO -- : 0:  sass (3.3.4) from /Users/aaron/.rvm/gems/ruby-2.0.0-p353/specifications/sass-3.3.4.gemspec
I, [2014-04-12T23:29:38.211085 #8163]  INFO -- : 0:  sass-rails (4.0.1) from /Users/aaron/.rvm/gems/ruby-2.0.0-p353/specifications/sass-rails-4.0.1.gemspec
I, [2014-04-12T23:29:38.454205 #8163]  INFO -- : 0:  turbolinks (1.1.1) from /Users/aaron/.rvm/gems/ruby-2.0.0-p353/specifications/turbolinks-1.1.1.gemspec
I, [2014-04-12T23:29:38.454545 #8163]  INFO -- : 0:  uglifier (2.1.1) from /Users/aaron/.rvm/gems/ruby-2.0.0-p353/specifications/uglifier-2.1.1.gemspec
I, [2014-04-12T23:39:47.939063 #8183]  INFO -- : 0:  rake (10.2.2) from /Users/aaron/.rvm/gems/ruby-2.0.0-p353/specifications/rake-10.2.2.gemspec
I, [2014-04-12T23:39:47.939442 #8183]  INFO -- : 0:  i18n (0.6.9) from /Users/aaron/.rvm/gems/ruby-2.0.0-p353/specifications/i18n-0.6.9.gemspec
I, [2014-04-12T23:39:47.939714 #8183]  INFO -- : 0:  json (1.8.1) from /Users/aaron/.rvm/gems/ruby-2.0.0-p353/specifications/json-1.8.1.gemspec
I, [2014-04-12T23:39:47.939978 #8183]  INFO -- : 0:  minitest (5.3.2) from /Users/aaron/.rvm/gems/ruby-2.0.0-p353/specifications/minitest-5.3.2.gemspec
I, [2014-04-12T23:39:47.940269 #8183]  INFO -- : 0:  thread_safe (0.3.3) from /Users/aaron/.rvm/gems/ruby-2.0.0-p353/specifications/thread_safe-0.3.3.gemspec
I, [2014-04-12T23:39:47.940510 #8183]  INFO -- : 0:  tzinfo (1.1.0) from /Users/aaron/.rvm/gems/ruby-2.0.0-p353/specifications/tzinfo-1.1.0.gemspec
I, [2014-04-12T23:39:47.940745 #8183]  INFO -- : 0:  activesupport (4.1.0) from /Users/aaron/.rvm/gems/ruby-2.0.0-p353/specifications/activesupport-4.1.0.gemspec
I, [2014-04-12T23:39:47.940978 #8183]  INFO -- : 0:  builder (3.2.2) from /Users/aaron/.rvm/gems/ruby-2.0.0-p353/specifications/builder-3.2.2.gemspec
I, [2014-04-12T23:39:47.941204 #8183]  INFO -- : 0:  erubis (2.7.0) from /Users/aaron/.rvm/gems/ruby-2.0.0-p353/specifications/erubis-2.7.0.gemspec
I, [2014-04-12T23:39:47.941434 #8183]  INFO -- : 0:  actionview (4.1.0) from /Users/aaron/.rvm/gems/ruby-2.0.0-p353/specifications/actionview-4.1.0.gemspec
I, [2014-04-12T23:39:47.941663 #8183]  INFO -- : 0:  rack (1.5.2) from /Users/aaron/.rvm/gems/ruby-2.0.0-p353/specifications/rack-1.5.2.gemspec
I, [2014-04-12T23:39:47.941891 #8183]  INFO -- : 0:  rack-test (0.6.2) from /Users/aaron/.rvm/gems/ruby-2.0.0-p353/specifications/rack-test-0.6.2.gemspec
I, [2014-04-12T23:39:47.942118 #8183]  INFO -- : 0:  actionpack (4.1.0) from /Users/aaron/.rvm/gems/ruby-2.0.0-p353/specifications/actionpack-4.1.0.gemspec
I, [2014-04-12T23:39:47.942347 #8183]  INFO -- : 0:  mime-types (1.25.1) from /Users/aaron/.rvm/gems/ruby-2.0.0-p353/specifications/mime-types-1.25.1.gemspec
I, [2014-04-12T23:39:47.942572 #8183]  INFO -- : 0:  polyglot (0.3.4) from /Users/aaron/.rvm/gems/ruby-2.0.0-p353/specifications/polyglot-0.3.4.gemspec
I, [2014-04-12T23:39:47.942797 #8183]  INFO -- : 0:  treetop (1.4.15) from /Users/aaron/.rvm/gems/ruby-2.0.0-p353/specifications/treetop-1.4.15.gemspec
I, [2014-04-12T23:39:47.943019 #8183]  INFO -- : 0:  mail (2.5.4) from /Users/aaron/.rvm/gems/ruby-2.0.0-p353/specifications/mail-2.5.4.gemspec
I, [2014-04-12T23:39:47.943238 #8183]  INFO -- : 0:  actionmailer (4.1.0) from /Users/aaron/.rvm/gems/ruby-2.0.0-p353/specifications/actionmailer-4.1.0.gemspec
I, [2014-04-12T23:39:47.943542 #8183]  INFO -- : 0:  activemodel (4.1.0) from /Users/aaron/.rvm/gems/ruby-2.0.0-p353/specifications/activemodel-4.1.0.gemspec
I, [2014-04-12T23:39:47.943774 #8183]  INFO -- : 0:  arel (5.0.0) from /Users/aaron/.rvm/gems/ruby-2.0.0-p353/specifications/arel-5.0.0.gemspec
I, [2014-04-12T23:39:47.944000 #8183]  INFO -- : 0:  activerecord (4.1.0) from /Users/aaron/.rvm/gems/ruby-2.0.0-p353/specifications/activerecord-4.1.0.gemspec
I, [2014-04-12T23:39:47.944228 #8183]  INFO -- : 0:  coffee-script-source (1.7.0) from /Users/aaron/.rvm/gems/ruby-2.0.0-p353/specifications/coffee-script-source-1.7.0.gemspec
I, [2014-04-12T23:39:47.944452 #8183]  INFO -- : 0:  execjs (2.0.2) from /Users/aaron/.rvm/gems/ruby-2.0.0-p353/specifications/execjs-2.0.2.gemspec
I, [2014-04-12T23:39:47.944675 #8183]  INFO -- : 0:  coffee-script (2.2.0) from /Users/aaron/.rvm/gems/ruby-2.0.0-p353/specifications/coffee-script-2.2.0.gemspec
I, [2014-04-12T23:39:47.944900 #8183]  INFO -- : 0:  thor (0.19.1) from /Users/aaron/.rvm/gems/ruby-2.0.0-p353/specifications/thor-0.19.1.gemspec
I, [2014-04-12T23:39:47.945120 #8183]  INFO -- : 0:  railties (4.1.0) from /Users/aaron/.rvm/gems/ruby-2.0.0-p353/specifications/railties-4.1.0.gemspec
I, [2014-04-12T23:39:47.945339 #8183]  INFO -- : 0:  coffee-rails (4.0.1) from /Users/aaron/.rvm/gems/ruby-2.0.0-p353/specifications/coffee-rails-4.0.1.gemspec
I, [2014-04-12T23:39:47.945560 #8183]  INFO -- : 0:  hike (1.2.3) from /Users/aaron/.rvm/gems/ruby-2.0.0-p353/specifications/hike-1.2.3.gemspec
I, [2014-04-12T23:39:47.945786 #8183]  INFO -- : 0:  jbuilder (1.0.2) from /Users/aaron/.rvm/gems/ruby-2.0.0-p353/specifications/jbuilder-1.0.2.gemspec
I, [2014-04-12T23:39:47.946013 #8183]  INFO -- : 0:  jquery-rails (3.0.4) from /Users/aaron/.rvm/gems/ruby-2.0.0-p353/specifications/jquery-rails-3.0.4.gemspec
I, [2014-04-12T23:39:47.946237 #8183]  INFO -- : 0:  multi_json (1.9.2) from /Users/aaron/.rvm/gems/ruby-2.0.0-p353/specifications/multi_json-1.9.2.gemspec
I, [2014-04-12T23:39:47.946471 #8183]  INFO -- : 0:  pg (0.17.1) from /Users/aaron/.rvm/gems/ruby-2.0.0-p353/specifications/pg-0.17.1.gemspec
I, [2014-04-12T23:39:47.946697 #8183]  INFO -- : 0:  bundler (1.5.1) from /Users/aaron/.rvm/gems/ruby-2.0.0-p353@global/specifications/bundler-1.5.1.gemspec
I, [2014-04-12T23:39:47.946958 #8183]  INFO -- : 0:  tilt (1.4.1) from /Users/aaron/.rvm/gems/ruby-2.0.0-p353/specifications/tilt-1.4.1.gemspec
I, [2014-04-12T23:39:47.947194 #8183]  INFO -- : 0:  sprockets (2.12.0) from /Users/aaron/.rvm/gems/ruby-2.0.0-p353/specifications/sprockets-2.12.0.gemspec
I, [2014-04-12T23:39:47.947444 #8183]  INFO -- : 0:  sprockets-rails (2.0.1) from /Users/aaron/.rvm/gems/ruby-2.0.0-p353/specifications/sprockets-rails-2.0.1.gemspec
I, [2014-04-12T23:39:47.947680 #8183]  INFO -- : 0:  rails (4.1.0) from /Users/aaron/.rvm/gems/ruby-2.0.0-p353/specifications/rails-4.1.0.gemspec
I, [2014-04-12T23:39:47.947901 #8183]  INFO -- : 0:  rails_serve_static_assets (0.0.2) from /Users/aaron/.rvm/gems/ruby-2.0.0-p353/specifications/rails_serve_static_assets-0.0.2.gemspec
I, [2014-04-12T23:39:47.948153 #8183]  INFO -- : 0:  rails_stdout_logging (0.0.3) from /Users/aaron/.rvm/gems/ruby-2.0.0-p353/specifications/rails_stdout_logging-0.0.3.gemspec
I, [2014-04-12T23:39:47.948383 #8183]  INFO -- : 0:  rails_12factor (0.0.2) from /Users/aaron/.rvm/gems/ruby-2.0.0-p353/specifications/rails_12factor-0.0.2.gemspec
I, [2014-04-12T23:39:47.948619 #8183]  INFO -- : 0:  sass (3.3.4) from /Users/aaron/.rvm/gems/ruby-2.0.0-p353/specifications/sass-3.3.4.gemspec
I, [2014-04-12T23:39:47.948856 #8183]  INFO -- : 0:  sass-rails (4.0.1) from /Users/aaron/.rvm/gems/ruby-2.0.0-p353/specifications/sass-rails-4.0.1.gemspec
I, [2014-04-12T23:39:47.949092 #8183]  INFO -- : 0:  turbolinks (1.1.1) from /Users/aaron/.rvm/gems/ruby-2.0.0-p353/specifications/turbolinks-1.1.1.gemspec
I, [2014-04-12T23:39:47.949328 #8183]  INFO -- : 0:  uglifier (2.1.1) from /Users/aaron/.rvm/gems/ruby-2.0.0-p353/specifications/uglifier-2.1.1.gemspec
I, [2014-04-12T23:39:58.263806 #8185]  INFO -- : 0:  rake (10.2.2) from /Users/aaron/.rvm/gems/ruby-2.0.0-p353/specifications/rake-10.2.2.gemspec
I, [2014-04-12T23:39:58.264192 #8185]  INFO -- : 0:  i18n (0.6.9) from /Users/aaron/.rvm/gems/ruby-2.0.0-p353/specifications/i18n-0.6.9.gemspec
I, [2014-04-12T23:39:58.264479 #8185]  INFO -- : 0:  json (1.8.1) from /Users/aaron/.rvm/gems/ruby-2.0.0-p353/specifications/json-1.8.1.gemspec
I, [2014-04-12T23:39:58.264760 #8185]  INFO -- : 0:  minitest (5.3.2) from /Users/aaron/.rvm/gems/ruby-2.0.0-p353/specifications/minitest-5.3.2.gemspec
I, [2014-04-12T23:39:58.265081 #8185]  INFO -- : 0:  thread_safe (0.3.3) from /Users/aaron/.rvm/gems/ruby-2.0.0-p353/specifications/thread_safe-0.3.3.gemspec
I, [2014-04-12T23:39:58.265336 #8185]  INFO -- : 0:  tzinfo (1.1.0) from /Users/aaron/.rvm/gems/ruby-2.0.0-p353/specifications/tzinfo-1.1.0.gemspec
I, [2014-04-12T23:39:58.265598 #8185]  INFO -- : 0:  activesupport (4.1.0) from /Users/aaron/.rvm/gems/ruby-2.0.0-p353/specifications/activesupport-4.1.0.gemspec
I, [2014-04-12T23:39:58.265858 #8185]  INFO -- : 0:  builder (3.2.2) from /Users/aaron/.rvm/gems/ruby-2.0.0-p353/specifications/builder-3.2.2.gemspec
I, [2014-04-12T23:39:58.266100 #8185]  INFO -- : 0:  erubis (2.7.0) from /Users/aaron/.rvm/gems/ruby-2.0.0-p353/specifications/erubis-2.7.0.gemspec
I, [2014-04-12T23:39:58.266345 #8185]  INFO -- : 0:  actionview (4.1.0) from /Users/aaron/.rvm/gems/ruby-2.0.0-p353/specifications/actionview-4.1.0.gemspec
I, [2014-04-12T23:39:58.266580 #8185]  INFO -- : 0:  rack (1.5.2) from /Users/aaron/.rvm/gems/ruby-2.0.0-p353/specifications/rack-1.5.2.gemspec
I, [2014-04-12T23:39:58.266828 #8185]  INFO -- : 0:  rack-test (0.6.2) from /Users/aaron/.rvm/gems/ruby-2.0.0-p353/specifications/rack-test-0.6.2.gemspec
I, [2014-04-12T23:39:58.267084 #8185]  INFO -- : 0:  actionpack (4.1.0) from /Users/aaron/.rvm/gems/ruby-2.0.0-p353/specifications/actionpack-4.1.0.gemspec
I, [2014-04-12T23:39:58.267373 #8185]  INFO -- : 0:  mime-types (1.25.1) from /Users/aaron/.rvm/gems/ruby-2.0.0-p353/specifications/mime-types-1.25.1.gemspec
I, [2014-04-12T23:39:58.267638 #8185]  INFO -- : 0:  polyglot (0.3.4) from /Users/aaron/.rvm/gems/ruby-2.0.0-p353/specifications/polyglot-0.3.4.gemspec
I, [2014-04-12T23:39:58.279281 #8185]  INFO -- : 0:  treetop (1.4.15) from /Users/aaron/.rvm/gems/ruby-2.0.0-p353/specifications/treetop-1.4.15.gemspec
I, [2014-04-12T23:39:58.279597 #8185]  INFO -- : 0:  mail (2.5.4) from /Users/aaron/.rvm/gems/ruby-2.0.0-p353/specifications/mail-2.5.4.gemspec
I, [2014-04-12T23:39:58.279989 #8185]  INFO -- : 0:  actionmailer (4.1.0) from /Users/aaron/.rvm/gems/ruby-2.0.0-p353/specifications/actionmailer-4.1.0.gemspec
I, [2014-04-12T23:39:58.280407 #8185]  INFO -- : 0:  activemodel (4.1.0) from /Users/aaron/.rvm/gems/ruby-2.0.0-p353/specifications/activemodel-4.1.0.gemspec
I, [2014-04-12T23:39:58.280798 #8185]  INFO -- : 0:  arel (5.0.0) from /Users/aaron/.rvm/gems/ruby-2.0.0-p353/specifications/arel-5.0.0.gemspec
I, [2014-04-12T23:39:58.281177 #8185]  INFO -- : 0:  activerecord (4.1.0) from /Users/aaron/.rvm/gems/ruby-2.0.0-p353/specifications/activerecord-4.1.0.gemspec
I, [2014-04-12T23:39:58.281530 #8185]  INFO -- : 0:  bundler (1.5.1) from /Users/aaron/.rvm/gems/ruby-2.0.0-p353@global/specifications/bundler-1.5.1.gemspec
I, [2014-04-12T23:39:58.281918 #8185]  INFO -- : 0:  coffee-script-source (1.7.0) from /Users/aaron/.rvm/gems/ruby-2.0.0-p353/specifications/coffee-script-source-1.7.0.gemspec
I, [2014-04-12T23:39:58.282167 #8185]  INFO -- : 0:  execjs (2.0.2) from /Users/aaron/.rvm/gems/ruby-2.0.0-p353/specifications/execjs-2.0.2.gemspec
I, [2014-04-12T23:39:58.282411 #8185]  INFO -- : 0:  coffee-script (2.2.0) from /Users/aaron/.rvm/gems/ruby-2.0.0-p353/specifications/coffee-script-2.2.0.gemspec
I, [2014-04-12T23:39:58.282644 #8185]  INFO -- : 0:  thor (0.19.1) from /Users/aaron/.rvm/gems/ruby-2.0.0-p353/specifications/thor-0.19.1.gemspec
I, [2014-04-12T23:39:58.282906 #8185]  INFO -- : 0:  railties (4.1.0) from /Users/aaron/.rvm/gems/ruby-2.0.0-p353/specifications/railties-4.1.0.gemspec
I, [2014-04-12T23:39:58.283184 #8185]  INFO -- : 0:  coffee-rails (4.0.1) from /Users/aaron/.rvm/gems/ruby-2.0.0-p353/specifications/coffee-rails-4.0.1.gemspec
I, [2014-04-12T23:39:58.283435 #8185]  INFO -- : 0:  hike (1.2.3) from /Users/aaron/.rvm/gems/ruby-2.0.0-p353/specifications/hike-1.2.3.gemspec
I, [2014-04-12T23:39:58.283718 #8185]  INFO -- : 0:  jbuilder (1.0.2) from /Users/aaron/.rvm/gems/ruby-2.0.0-p353/specifications/jbuilder-1.0.2.gemspec
I, [2014-04-12T23:39:58.283970 #8185]  INFO -- : 0:  jquery-rails (3.0.4) from /Users/aaron/.rvm/gems/ruby-2.0.0-p353/specifications/jquery-rails-3.0.4.gemspec
I, [2014-04-12T23:39:58.284209 #8185]  INFO -- : 0:  multi_json (1.9.2) from /Users/aaron/.rvm/gems/ruby-2.0.0-p353/specifications/multi_json-1.9.2.gemspec
I, [2014-04-12T23:39:58.284456 #8185]  INFO -- : 0:  pg (0.17.1) from /Users/aaron/.rvm/gems/ruby-2.0.0-p353/specifications/pg-0.17.1.gemspec
I, [2014-04-12T23:39:58.284689 #8185]  INFO -- : 0:  tilt (1.4.1) from /Users/aaron/.rvm/gems/ruby-2.0.0-p353/specifications/tilt-1.4.1.gemspec
I, [2014-04-12T23:39:58.284940 #8185]  INFO -- : 0:  sprockets (2.12.0) from /Users/aaron/.rvm/gems/ruby-2.0.0-p353/specifications/sprockets-2.12.0.gemspec
I, [2014-04-12T23:39:58.285197 #8185]  INFO -- : 0:  sprockets-rails (2.0.1) from /Users/aaron/.rvm/gems/ruby-2.0.0-p353/specifications/sprockets-rails-2.0.1.gemspec
I, [2014-04-12T23:39:58.285447 #8185]  INFO -- : 0:  rails (4.1.0) from /Users/aaron/.rvm/gems/ruby-2.0.0-p353/specifications/rails-4.1.0.gemspec
I, [2014-04-12T23:39:58.285698 #8185]  INFO -- : 0:  rails_serve_static_assets (0.0.2) from /Users/aaron/.rvm/gems/ruby-2.0.0-p353/specifications/rails_serve_static_assets-0.0.2.gemspec
I, [2014-04-12T23:39:58.285955 #8185]  INFO -- : 0:  rails_stdout_logging (0.0.3) from /Users/aaron/.rvm/gems/ruby-2.0.0-p353/specifications/rails_stdout_logging-0.0.3.gemspec
I, [2014-04-12T23:39:58.286200 #8185]  INFO -- : 0:  rails_12factor (0.0.2) from /Users/aaron/.rvm/gems/ruby-2.0.0-p353/specifications/rails_12factor-0.0.2.gemspec
I, [2014-04-12T23:39:58.286455 #8185]  INFO -- : 0:  sass (3.3.4) from /Users/aaron/.rvm/gems/ruby-2.0.0-p353/specifications/sass-3.3.4.gemspec
I, [2014-04-12T23:39:58.286700 #8185]  INFO -- : 0:  sass-rails (4.0.1) from /Users/aaron/.rvm/gems/ruby-2.0.0-p353/specifications/sass-rails-4.0.1.gemspec
I, [2014-04-12T23:39:58.286947 #8185]  INFO -- : 0:  turbolinks (1.1.1) from /Users/aaron/.rvm/gems/ruby-2.0.0-p353/specifications/turbolinks-1.1.1.gemspec
I, [2014-04-12T23:39:58.287193 #8185]  INFO -- : 0:  uglifier (2.1.1) from /Users/aaron/.rvm/gems/ruby-2.0.0-p353/specifications/uglifier-2.1.1.gemspec
I, [2014-04-12T23:40:02.515140 #8189]  INFO -- : 0:  rake (10.2.2) from /Users/aaron/.rvm/gems/ruby-2.0.0-p353/specifications/rake-10.2.2.gemspec
I, [2014-04-12T23:40:02.515504 #8189]  INFO -- : 0:  i18n (0.6.9) from /Users/aaron/.rvm/gems/ruby-2.0.0-p353/specifications/i18n-0.6.9.gemspec
I, [2014-04-12T23:40:02.515809 #8189]  INFO -- : 0:  json (1.8.1) from /Users/aaron/.rvm/gems/ruby-2.0.0-p353/specifications/json-1.8.1.gemspec
I, [2014-04-12T23:40:02.516114 #8189]  INFO -- : 0:  minitest (5.3.2) from /Users/aaron/.rvm/gems/ruby-2.0.0-p353/specifications/minitest-5.3.2.gemspec
I, [2014-04-12T23:40:02.516419 #8189]  INFO -- : 0:  thread_safe (0.3.3) from /Users/aaron/.rvm/gems/ruby-2.0.0-p353/specifications/thread_safe-0.3.3.gemspec
I, [2014-04-12T23:40:02.516703 #8189]  INFO -- : 0:  tzinfo (1.1.0) from /Users/aaron/.rvm/gems/ruby-2.0.0-p353/specifications/tzinfo-1.1.0.gemspec
I, [2014-04-12T23:40:02.516981 #8189]  INFO -- : 0:  activesupport (4.1.0) from /Users/aaron/.rvm/gems/ruby-2.0.0-p353/specifications/activesupport-4.1.0.gemspec
I, [2014-04-12T23:40:02.517258 #8189]  INFO -- : 0:  builder (3.2.2) from /Users/aaron/.rvm/gems/ruby-2.0.0-p353/specifications/builder-3.2.2.gemspec
I, [2014-04-12T23:40:02.517536 #8189]  INFO -- : 0:  erubis (2.7.0) from /Users/aaron/.rvm/gems/ruby-2.0.0-p353/specifications/erubis-2.7.0.gemspec
I, [2014-04-12T23:40:02.517813 #8189]  INFO -- : 0:  actionview (4.1.0) from /Users/aaron/.rvm/gems/ruby-2.0.0-p353/specifications/actionview-4.1.0.gemspec
I, [2014-04-12T23:40:02.518088 #8189]  INFO -- : 0:  rack (1.5.2) from /Users/aaron/.rvm/gems/ruby-2.0.0-p353/specifications/rack-1.5.2.gemspec
I, [2014-04-12T23:40:02.518363 #8189]  INFO -- : 0:  rack-test (0.6.2) from /Users/aaron/.rvm/gems/ruby-2.0.0-p353/specifications/rack-test-0.6.2.gemspec
I, [2014-04-12T23:40:02.518638 #8189]  INFO -- : 0:  actionpack (4.1.0) from /Users/aaron/.rvm/gems/ruby-2.0.0-p353/specifications/actionpack-4.1.0.gemspec
I, [2014-04-12T23:40:02.518910 #8189]  INFO -- : 0:  mime-types (1.25.1) from /Users/aaron/.rvm/gems/ruby-2.0.0-p353/specifications/mime-types-1.25.1.gemspec
I, [2014-04-12T23:40:02.519184 #8189]  INFO -- : 0:  polyglot (0.3.4) from /Users/aaron/.rvm/gems/ruby-2.0.0-p353/specifications/polyglot-0.3.4.gemspec
I, [2014-04-12T23:40:02.519457 #8189]  INFO -- : 0:  treetop (1.4.15) from /Users/aaron/.rvm/gems/ruby-2.0.0-p353/specifications/treetop-1.4.15.gemspec
I, [2014-04-12T23:40:02.519730 #8189]  INFO -- : 0:  mail (2.5.4) from /Users/aaron/.rvm/gems/ruby-2.0.0-p353/specifications/mail-2.5.4.gemspec
I, [2014-04-12T23:40:02.520009 #8189]  INFO -- : 0:  actionmailer (4.1.0) from /Users/aaron/.rvm/gems/ruby-2.0.0-p353/specifications/actionmailer-4.1.0.gemspec
I, [2014-04-12T23:40:02.520283 #8189]  INFO -- : 0:  activemodel (4.1.0) from /Users/aaron/.rvm/gems/ruby-2.0.0-p353/specifications/activemodel-4.1.0.gemspec
I, [2014-04-12T23:40:02.520557 #8189]  INFO -- : 0:  arel (5.0.0) from /Users/aaron/.rvm/gems/ruby-2.0.0-p353/specifications/arel-5.0.0.gemspec
I, [2014-04-12T23:40:02.520830 #8189]  INFO -- : 0:  activerecord (4.1.0) from /Users/aaron/.rvm/gems/ruby-2.0.0-p353/specifications/activerecord-4.1.0.gemspec
I, [2014-04-12T23:40:02.521109 #8189]  INFO -- : 0:  coffee-script-source (1.7.0) from /Users/aaron/.rvm/gems/ruby-2.0.0-p353/specifications/coffee-script-source-1.7.0.gemspec
I, [2014-04-12T23:40:02.521389 #8189]  INFO -- : 0:  execjs (2.0.2) from /Users/aaron/.rvm/gems/ruby-2.0.0-p353/specifications/execjs-2.0.2.gemspec
I, [2014-04-12T23:40:02.521663 #8189]  INFO -- : 0:  coffee-script (2.2.0) from /Users/aaron/.rvm/gems/ruby-2.0.0-p353/specifications/coffee-script-2.2.0.gemspec
I, [2014-04-12T23:40:02.521936 #8189]  INFO -- : 0:  thor (0.19.1) from /Users/aaron/.rvm/gems/ruby-2.0.0-p353/specifications/thor-0.19.1.gemspec
I, [2014-04-12T23:40:02.522209 #8189]  INFO -- : 0:  railties (4.1.0) from /Users/aaron/.rvm/gems/ruby-2.0.0-p353/specifications/railties-4.1.0.gemspec
I, [2014-04-12T23:40:02.522481 #8189]  INFO -- : 0:  coffee-rails (4.0.1) from /Users/aaron/.rvm/gems/ruby-2.0.0-p353/specifications/coffee-rails-4.0.1.gemspec
I, [2014-04-12T23:40:02.522754 #8189]  INFO -- : 0:  hike (1.2.3) from /Users/aaron/.rvm/gems/ruby-2.0.0-p353/specifications/hike-1.2.3.gemspec
I, [2014-04-12T23:40:02.523033 #8189]  INFO -- : 0:  jbuilder (1.0.2) from /Users/aaron/.rvm/gems/ruby-2.0.0-p353/specifications/jbuilder-1.0.2.gemspec
I, [2014-04-12T23:40:02.523311 #8189]  INFO -- : 0:  jquery-rails (3.0.4) from /Users/aaron/.rvm/gems/ruby-2.0.0-p353/specifications/jquery-rails-3.0.4.gemspec
I, [2014-04-12T23:40:02.523582 #8189]  INFO -- : 0:  multi_json (1.9.2) from /Users/aaron/.rvm/gems/ruby-2.0.0-p353/specifications/multi_json-1.9.2.gemspec
I, [2014-04-12T23:40:02.523853 #8189]  INFO -- : 0:  pg (0.17.1) from /Users/aaron/.rvm/gems/ruby-2.0.0-p353/specifications/pg-0.17.1.gemspec
I, [2014-04-12T23:40:02.524122 #8189]  INFO -- : 0:  bundler (1.5.1) from /Users/aaron/.rvm/gems/ruby-2.0.0-p353@global/specifications/bundler-1.5.1.gemspec
I, [2014-04-12T23:40:02.524431 #8189]  INFO -- : 0:  tilt (1.4.1) from /Users/aaron/.rvm/gems/ruby-2.0.0-p353/specifications/tilt-1.4.1.gemspec
I, [2014-04-12T23:40:02.524725 #8189]  INFO -- : 0:  sprockets (2.12.0) from /Users/aaron/.rvm/gems/ruby-2.0.0-p353/specifications/sprockets-2.12.0.gemspec
I, [2014-04-12T23:40:02.525016 #8189]  INFO -- : 0:  sprockets-rails (2.0.1) from /Users/aaron/.rvm/gems/ruby-2.0.0-p353/specifications/sprockets-rails-2.0.1.gemspec
I, [2014-04-12T23:40:02.525307 #8189]  INFO -- : 0:  rails (4.1.0) from /Users/aaron/.rvm/gems/ruby-2.0.0-p353/specifications/rails-4.1.0.gemspec
I, [2014-04-12T23:40:02.525579 #8189]  INFO -- : 0:  rails_serve_static_assets (0.0.2) from /Users/aaron/.rvm/gems/ruby-2.0.0-p353/specifications/rails_serve_static_assets-0.0.2.gemspec
I, [2014-04-12T23:40:02.525861 #8189]  INFO -- : 0:  rails_stdout_logging (0.0.3) from /Users/aaron/.rvm/gems/ruby-2.0.0-p353/specifications/rails_stdout_logging-0.0.3.gemspec
I, [2014-04-12T23:40:02.526144 #8189]  INFO -- : 0:  rails_12factor (0.0.2) from /Users/aaron/.rvm/gems/ruby-2.0.0-p353/specifications/rails_12factor-0.0.2.gemspec
I, [2014-04-12T23:40:02.526431 #8189]  INFO -- : 0:  sass (3.3.4) from /Users/aaron/.rvm/gems/ruby-2.0.0-p353/specifications/sass-3.3.4.gemspec
I, [2014-04-12T23:40:02.526718 #8189]  INFO -- : 0:  sass-rails (4.0.1) from /Users/aaron/.rvm/gems/ruby-2.0.0-p353/specifications/sass-rails-4.0.1.gemspec
I, [2014-04-12T23:40:02.527009 #8189]  INFO -- : 0:  turbolinks (1.1.1) from /Users/aaron/.rvm/gems/ruby-2.0.0-p353/specifications/turbolinks-1.1.1.gemspec
I, [2014-04-12T23:40:02.527280 #8189]  INFO -- : 0:  uglifier (2.1.1) from /Users/aaron/.rvm/gems/ruby-2.0.0-p353/specifications/uglifier-2.1.1.gemspec
